<?xml version="1.0" encoding="UTF-8"?>
<!-- Generated by org.testng.reporters.JUnitReportReporter -->
<testsuite hostname="DIL-IND-QA08" failures="0" tests="1" name="com.NewVision.Testcases.TestCase1" time="17.594" errors="0" timestamp="2022-09-04T17:02:07 IST" skipped="0">
  <testcase classname="com.NewVision.Testcases.TestCase1" name="test1" time="17.594"/>
  <system-out/>
</testsuite> <!-- com.NewVision.Testcases.TestCase1 -->
